<?xml version="1.0" encoding="UTF-8"?>
<!-- Generated by org.testng.reporters.JUnitXMLReporter -->
<testsuite hostname="DESKTOP-INMEC1L" ignored="0" name="Test" tests="1" failures="0" timestamp="2020-11-09T15:42:08 EET" time="0.061" errors="0">
  <testcase name="@BeforeSuite startDriver" time="-1.6049293284E9" classname="Tests.TestBase">
    <failure type="org.testng.TestNGException" message="
Parameter &amp;apos;browser&amp;apos; is required by BeforeSuite on method startDriver but has not been marked @Optional or defined
in C:\Users\HPXX03\eclipse-workspace\seleium\testng.xml">
      <![CDATA[org.testng.TestNGException: 
Parameter 'browser' is required by BeforeSuite on method startDriver but has not been marked @Optional or defined
in C:\Users\HPXX03\eclipse-workspace\seleium\testng.xml
... Removed 16 stack frames]]>
    </failure>
  </testcase> <!-- @BeforeSuite startDriver -->
  <testcase name="UserCanRegisterSuccessflly" time="0.0" classname="Tests.UserRegisterationTest">
    <skipped/>
  </testcase> <!-- UserCanRegisterSuccessflly -->
</testsuite> <!-- Test -->
